MoneyWay/app/build/intermediates/manifest_merge_blame_file/debug/manifest-merger-blame-debug-report.txt
1<?xml version="1.0" encoding="utf-8"?>
2<manifest xmlns:android="http://schemas.android.com/apk/res/android"
3    xmlns:dist="http://schemas.android.com/apk/distribution"
4    package="com.example.moneyway"
5    android:versionCode="1"
6    android:versionName="1.0" >
7
8    <uses-sdk
9        android:minSdkVersion="24"
9-->src\main\AndroidManifest.xml
10        android:targetSdkVersion="33" />
10-->src\main\AndroidManifest.xml
11
12    <dist:module dist:instant="true" />
12-->src\main\AndroidManifest.xml:6:5-40
12-->src\main\AndroidManifest.xml:6:18-37
13
14    <permission
14-->[androidx.core:core:1.9.0] AndroidManifest.xml:22:5-24:47
15        android:name="com.example.moneyway.DYNAMIC_RECEIVER_NOT_EXPORTED_PERMISSION"
15-->[androidx.core:core:1.9.0] AndroidManifest.xml:23:9-81
16        android:protectionLevel="signature" />
16-->[androidx.core:core:1.9.0] AndroidManifest.xml:24:9-44
17
18    <uses-permission android:name="com.example.moneyway.DYNAMIC_RECEIVER_NOT_EXPORTED_PERMISSION" />
18-->[androidx.core:core:1.9.0] AndroidManifest.xml:26:5-97
18-->[androidx.core:core:1.9.0] AndroidManifest.xml:26:22-94
19
20    <application
20-->src\main\AndroidManifest.xml:8:5-67:19
21        android:allowBackup="true"
21-->src\main\AndroidManifest.xml:9:9-35
22        android:appComponentFactory="androidx.core.app.CoreComponentFactory"
22-->[androidx.core:core:1.9.0] AndroidManifest.xml:28:18-86
23        android:dataExtractionRules="@xml/data_extraction_rules"
23-->src\main\AndroidManifest.xml:10:9-65
24        android:debuggable="true"
25        android:extractNativeLibs="false"
26        android:fullBackupContent="@xml/backup_rules"
26-->src\main\AndroidManifest.xml:11:9-54
27        android:icon="@mipmap/ic_launcher_2"
27-->src\main\AndroidManifest.xml:12:9-45
28        android:label="@string/app_name"
28-->src\main\AndroidManifest.xml:13:9-41
29        android:roundIcon="@mipmap/ic_launcher_2_round"
29-->src\main\AndroidManifest.xml:14:9-56
30        android:supportsRtl="true"
30-->src\main\AndroidManifest.xml:15:9-35
31        android:theme="@style/Theme.MoneyWay" >
31-->src\main\AndroidManifest.xml:16:9-46
32        <activity
32-->src\main\AndroidManifest.xml:18:9-20:40
33            android:name="com.example.moneyway.EditUserDataActivity"
33-->src\main\AndroidManifest.xml:19:13-49
34            android:exported="false" />
34-->src\main\AndroidManifest.xml:20:13-37
35        <activity
35-->src\main\AndroidManifest.xml:21:9-23:40
36            android:name="com.example.moneyway.ProfilePageActivity"
36-->src\main\AndroidManifest.xml:22:13-48
37            android:exported="false" />
37-->src\main\AndroidManifest.xml:23:13-37
38        <activity
38-->src\main\AndroidManifest.xml:24:9-27:72
39            android:name="com.example.moneyway.SavingsCalculatorActivity"
39-->src\main\AndroidManifest.xml:25:13-54
40            android:exported="false"
40-->src\main\AndroidManifest.xml:26:13-37
41            android:theme="@style/Theme.AppCompat.Light.NoActionBar" />
41-->src\main\AndroidManifest.xml:27:13-69
42        <activity
42-->src\main\AndroidManifest.xml:28:9-31:72
43            android:name="com.example.moneyway.CreditCalculatorActivity"
43-->src\main\AndroidManifest.xml:29:13-53
44            android:exported="false"
44-->src\main\AndroidManifest.xml:30:13-37
45            android:theme="@style/Theme.AppCompat.Light.NoActionBar" />
45-->src\main\AndroidManifest.xml:31:13-69
46        <activity
46-->src\main\AndroidManifest.xml:32:9-35:72
47            android:name="com.example.moneyway.ClassicCalculatorActivity"
47-->src\main\AndroidManifest.xml:33:13-54
48            android:exported="false"
48-->src\main\AndroidManifest.xml:34:13-37
49            android:theme="@style/Theme.AppCompat.Light.NoActionBar" />
49-->src\main\AndroidManifest.xml:35:13-69
50        <activity
50-->src\main\AndroidManifest.xml:36:9-39:72
51            android:name="com.example.moneyway.ChangePlanActivity"
51-->src\main\AndroidManifest.xml:37:13-47
52            android:exported="false"
52-->src\main\AndroidManifest.xml:38:13-37
53            android:theme="@style/Theme.AppCompat.Light.NoActionBar" />
53-->src\main\AndroidManifest.xml:39:13-69
54        <activity
54-->src\main\AndroidManifest.xml:40:9-43:72
55            android:name="com.example.moneyway.AddSpendingActivity"
55-->src\main\AndroidManifest.xml:41:13-48
56            android:exported="false"
56-->src\main\AndroidManifest.xml:42:13-37
57            android:theme="@style/Theme.AppCompat.Light.NoActionBar" />
57-->src\main\AndroidManifest.xml:43:13-69
58        <activity
58-->src\main\AndroidManifest.xml:44:9-46:40
59            android:name="com.example.moneyway.BudgetPlansActivity"
59-->src\main\AndroidManifest.xml:45:13-48
60            android:exported="false" />
60-->src\main\AndroidManifest.xml:46:13-37
61        <activity
61-->src\main\AndroidManifest.xml:47:9-49:40
62            android:name="com.example.moneyway.CalculatorsListActivity"
62-->src\main\AndroidManifest.xml:48:13-52
63            android:exported="false" />
63-->src\main\AndroidManifest.xml:49:13-37
64        <activity
64-->src\main\AndroidManifest.xml:50:9-53:72
65            android:name="com.example.moneyway.RegisterActivity"
65-->src\main\AndroidManifest.xml:51:13-45
66            android:exported="false"
66-->src\main\AndroidManifest.xml:52:13-37
67            android:theme="@style/Theme.AppCompat.Light.NoActionBar" />
67-->src\main\AndroidManifest.xml:53:13-69
68        <activity
68-->src\main\AndroidManifest.xml:54:9-57:72
69            android:name="com.example.moneyway.LogInActivity"
69-->src\main\AndroidManifest.xml:55:13-42
70            android:exported="false"
70-->src\main\AndroidManifest.xml:56:13-37
71            android:theme="@style/Theme.AppCompat.Light.NoActionBar" />
71-->src\main\AndroidManifest.xml:57:13-69
72        <activity
72-->src\main\AndroidManifest.xml:58:9-66:20
73            android:name="com.example.moneyway.MainActivity"
73-->src\main\AndroidManifest.xml:59:13-41
74            android:exported="true" >
74-->src\main\AndroidManifest.xml:60:13-36
75            <intent-filter>
75-->src\main\AndroidManifest.xml:61:13-65:29
76                <action android:name="android.intent.action.MAIN" />
76-->src\main\AndroidManifest.xml:62:17-69
76-->src\main\AndroidManifest.xml:62:25-66
77
78                <category android:name="android.intent.category.LAUNCHER" />
78-->src\main\AndroidManifest.xml:64:17-77
78-->src\main\AndroidManifest.xml:64:27-74
79            </intent-filter>
80        </activity>
81
82        <service
82-->[androidx.room:room-runtime:2.5.2] AndroidManifest.xml:24:9-28:63
83            android:name="androidx.room.MultiInstanceInvalidationService"
83-->[androidx.room:room-runtime:2.5.2] AndroidManifest.xml:25:13-74
84            android:directBootAware="true"
84-->[androidx.room:room-runtime:2.5.2] AndroidManifest.xml:26:13-43
85            android:exported="false" />
85-->[androidx.room:room-runtime:2.5.2] AndroidManifest.xml:27:13-37
86
87        <provider
87-->[androidx.emoji2:emoji2:1.2.0] AndroidManifest.xml:24:9-32:20
88            android:name="androidx.startup.InitializationProvider"
88-->[androidx.emoji2:emoji2:1.2.0] AndroidManifest.xml:25:13-67
89            android:authorities="com.example.moneyway.androidx-startup"
89-->[androidx.emoji2:emoji2:1.2.0] AndroidManifest.xml:26:13-68
90            android:exported="false" >
90-->[androidx.emoji2:emoji2:1.2.0] AndroidManifest.xml:27:13-37
91            <meta-data
91-->[androidx.emoji2:emoji2:1.2.0] AndroidManifest.xml:29:13-31:52
92                android:name="androidx.emoji2.text.EmojiCompatInitializer"
92-->[androidx.emoji2:emoji2:1.2.0] AndroidManifest.xml:30:17-75
93                android:value="androidx.startup" />
93-->[androidx.emoji2:emoji2:1.2.0] AndroidManifest.xml:31:17-49
94            <meta-data
94-->[androidx.lifecycle:lifecycle-process:2.4.1] AndroidManifest.xml:31:13-33:52
95                android:name="androidx.lifecycle.ProcessLifecycleInitializer"
95-->[androidx.lifecycle:lifecycle-process:2.4.1] AndroidManifest.xml:32:17-78
96                android:value="androidx.startup" />
96-->[androidx.lifecycle:lifecycle-process:2.4.1] AndroidManifest.xml:33:17-49
97        </provider>
98    </application>
99
100</manifest>